<?xml version="1.0" encoding="UTF-8"?>
<!-- Generated by org.testng.reporters.JUnitReportReporter -->
<testsuite skipped="0" hostname="DESKTOP-C5HHGRT" name="com.qa.rest.testcases.TC_03_Post_Employee_Record" tests="5" failures="0" timestamp="2020-04-08T13:09:58 EDT" time="0.025" errors="0">
  <testcase name="Responsebody" time="0.007" classname="com.qa.rest.testcases.TC_03_Post_Employee_Record"/>
  <testcase name="checkStatusCode" time="0.007" classname="com.qa.rest.testcases.TC_03_Post_Employee_Record"/>
  <testcase name="checkStatusTime" time="0.002" classname="com.qa.rest.testcases.TC_03_Post_Employee_Record"/>
  <testcase name="checkStatusLine" time="0.003" classname="com.qa.rest.testcases.TC_03_Post_Employee_Record"/>
  <testcase name="checkheaders" time="0.006" classname="com.qa.rest.testcases.TC_03_Post_Employee_Record"/>
</testsuite> <!-- com.qa.rest.testcases.TC_03_Post_Employee_Record -->
