<?xml version="1.0" encoding="UTF-8"?>
<!-- Generated by org.testng.reporters.JUnitReportReporter -->
<testsuite skipped="0" hostname="DESKTOP-C5HHGRT" name="com.qa.rest.testcases.TC_02_Get_Single_Employee" tests="5" failures="0" timestamp="2020-04-08T13:07:17 EDT" time="0.078" errors="0">
  <testcase name="checkResponseBody" time="0.053" classname="com.qa.rest.testcases.TC_02_Get_Single_Employee"/>
  <testcase name="checkStatusCode" time="0.012" classname="com.qa.rest.testcases.TC_02_Get_Single_Employee"/>
  <testcase name="checkStatusTime" time="0.002" classname="com.qa.rest.testcases.TC_02_Get_Single_Employee"/>
  <testcase name="checkStatusLine" time="0.003" classname="com.qa.rest.testcases.TC_02_Get_Single_Employee"/>
  <testcase name="checkheaders" time="0.008" classname="com.qa.rest.testcases.TC_02_Get_Single_Employee"/>
</testsuite> <!-- com.qa.rest.testcases.TC_02_Get_Single_Employee -->
