<?xml version="1.0" encoding="UTF-8"?>
<!-- Generated by org.testng.reporters.JUnitReportReporter -->
<testsuite skipped="0" hostname="DESKTOP-C5HHGRT" name="com.qa.rest.testcases.TC_01_Get_All_Employees" tests="5" failures="0" timestamp="2020-04-07T20:31:07 EDT" time="0.055" errors="0">
  <testcase name="checkResponseBody" time="0.046" classname="com.qa.rest.testcases.TC_01_Get_All_Employees"/>
  <testcase name="checkStatusCode" time="0.002" classname="com.qa.rest.testcases.TC_01_Get_All_Employees"/>
  <testcase name="checkStatusTime" time="0.001" classname="com.qa.rest.testcases.TC_01_Get_All_Employees"/>
  <testcase name="checkStatusLine" time="0.002" classname="com.qa.rest.testcases.TC_01_Get_All_Employees"/>
  <testcase name="checkheaders" time="0.004" classname="com.qa.rest.testcases.TC_01_Get_All_Employees"/>
</testsuite> <!-- com.qa.rest.testcases.TC_01_Get_All_Employees -->
